<?xml version="1.0" encoding="utf-8"?><testsuites name="pytest tests"><testsuite name="pytest" errors="0" failures="0" skipped="0" tests="24" time="64.346" timestamp="2026-07-13T18:06:59.969329+00:00" hostname="agent-env-64c16218-194f-43b6-b394-0624677a8d39"><testcase classname="tests.test_iteration8.TestBlogUpgrade" name="test_create_blog_with_all_new_fields" time="0.772" /><testcase classname="tests.test_iteration8.TestImageUploadValidation" name="test_valid_png_upload_emergent" time="1.463" /><testcase classname="tests.test_iteration8.TestBlogUpgrade" name="test_update_and_get" time="0.103" /><testcase classname="tests.test_iteration8.TestBlogUpgrade" name="test_scheduled_future_hidden_from_public" time="0.057" /><testcase classname="tests.test_iteration8.TestBlogUpgrade" name="test_past_scheduled_appears_in_public" time="0.112" /><testcase classname="tests.test_iteration8.TestBlogUpgrade" name="test_unpublished_hidden" time="0.145" /><testcase classname="tests.test_iteration8.TestBlogUpgrade" name="test_category_filter" time="0.055" /><testcase classname="tests.test_iteration8.TestBlogUpgrade" name="test_blog_meta" time="0.059" /><testcase classname="tests.test_iteration8.TestBlogUpgrade" name="test_zzz_cleanup" time="0.149" /><testcase classname="tests.test_iteration8.TestMediaAudit" name="test_audit_requires_auth" time="0.056" /><testcase classname="tests.test_iteration8.TestImageUploadValidation" name="test_fake_png_rejected" time="0.054" /><testcase classname="tests.test_iteration8.TestMediaAudit" name="test_audit_zero_broken" time="44.329" /><testcase classname="tests.test_iteration8.TestImageUploadValidation" name="test_apk_rejected_when_kind_image" time="0.063" /><testcase classname="tests.test_iteration8.TestImageUploadValidation" name="test_empty_file_returns_400" time="0.054" /><testcase classname="tests.test_iteration8.TestImageUploadValidation" name="test_large_png_becomes_webp" time="1.362" /><testcase classname="tests.test_iteration8.TestImageUploadValidation" name="test_apk_upload_kind_auto_allowed" time="0.280" /><testcase classname="tests.test_iteration8.TestEditPreservesImages" name="test_empty_icon_url_does_not_wipe" time="3.232" /><testcase classname="tests.test_iteration8.TestEditPreservesImages" name="test_non_empty_new_value_does_update" time="7.657" /><testcase classname="tests.test_iteration8.TestRelatedApps" name="test_related_apps_rumble_rummy" time="3.639" /><testcase classname="tests.test_iteration8.TestRelatedApps" name="test_related_404_when_slug_missing" time="1.601" /><testcase classname="tests.test_iteration8.TestMediaAudit" name="test_repair_zero_when_no_broken" time="15.446" /><testcase classname="tests.test_iteration8.TestRegression" name="test_apps_list_still_55" time="0.896" /><testcase classname="tests.test_iteration8.TestRegression" name="test_sitemap_still_valid" time="1.236" /><testcase classname="tests.test_iteration8.TestRegression" name="test_seo_head_no_duplicates_via_meta" time="0.341" /></testsuite></testsuites>