<?xml version="1.0" encoding="utf-8"?><testsuites name="pytest tests"><testsuite name="pytest" errors="0" failures="0" skipped="0" tests="52" time="5.472" timestamp="2026-07-12T08:51:43.833105+00:00" hostname="agent-env-64c16218-194f-43b6-b394-0624677a8d39"><testcase classname="tests.backend_test.TestAuth" name="test_login_success" time="0.484" /><testcase classname="tests.backend_test.TestCodes" name="test_codes_admin_auth" time="0.838" /><testcase classname="tests.backend_test.TestAuth" name="test_login_wrong_password" time="0.306" /><testcase classname="tests.backend_test.TestAuth" name="test_old_admin_credentials_rejected" time="0.081" /><testcase classname="tests.backend_test.TestCodes" name="test_redeem_seeded_welcome100" time="0.340" /><testcase classname="tests.backend_test.TestAuth" name="test_login_unknown_user" time="0.039" /><testcase classname="tests.backend_test.TestCodes" name="test_redeem_invalid_code" time="0.043" /><testcase classname="tests.backend_test.TestAuth" name="test_me_with_token" time="0.383" /><testcase classname="tests.backend_test.TestCodes" name="test_redeem_empty_code" time="0.041" /><testcase classname="tests.backend_test.TestAuth" name="test_me_without_token" time="0.232" /><testcase classname="tests.backend_test.TestAuth" name="test_me_with_bad_token" time="0.040" /><testcase classname="tests.backend_test.TestPublicApps" name="test_list_apps_structure" time="0.042" /><testcase classname="tests.backend_test.TestCodes" name="test_redeem_inactive_returns_404" time="0.434" /><testcase classname="tests.backend_test.TestPublicApps" name="test_get_single_app" time="0.120" /><testcase classname="tests.backend_test.TestCodes" name="test_redeem_expired_returns_400" time="0.281" /><testcase classname="tests.backend_test.TestPublicApps" name="test_get_single_app_invalid" time="0.039" /><testcase classname="tests.backend_test.TestPublicApps" name="test_download_redirect_and_increment" time="0.243" /><testcase classname="tests.backend_test.TestCodes" name="test_redeem_usage_limit_exceeded" time="0.261" /><testcase classname="tests.backend_test.TestPublicApps" name="test_search_filter" time="0.040" /><testcase classname="tests.backend_test.TestPublicApps" name="test_category_filter" time="0.040" /><testcase classname="tests.backend_test.TestFaqsAdminAuth" name="test_create_faq_without_auth" time="0.042" /><testcase classname="tests.backend_test.TestFaqsAdminAuth" name="test_update_faq_without_auth" time="0.081" /><testcase classname="tests.backend_test.TestFaqsAdminAuth" name="test_delete_faq_without_auth" time="0.079" /><testcase classname="tests.backend_test.TestCodes" name="test_code_crud_and_list" time="0.178" /><testcase classname="tests.backend_test.TestFaqsAdminAuth" name="test_reorder_faqs_without_auth" time="0.081" /><testcase classname="tests.backend_test.TestFaqsAdminCRUD" name="test_faq_full_flow" time="0.326" /><testcase classname="tests.backend_test.TestAdminAppsCRUD" name="test_create_without_auth" time="0.041" /><testcase classname="tests.backend_test.TestAdminAppsCRUD" name="test_update_without_auth" time="0.042" /><testcase classname="tests.backend_test.TestAdminAppsCRUD" name="test_delete_without_auth" time="0.081" /><testcase classname="tests.backend_test.TestAdminAppsCRUD" name="test_create_edit_delete_flow" time="0.422" /><testcase classname="tests.backend_test.TestFaqsAdminCRUD" name="test_faq_reorder_persists" time="0.169" /><testcase classname="tests.backend_test.TestFaqsAdminCRUD" name="test_reorder_route_not_shadowed_by_id_route" time="0.080" /><testcase classname="tests.backend_test.TestSiteSettings" name="test_get_settings_returns_singleton" time="0.041" /><testcase classname="tests.backend_test.TestSiteSettings" name="test_update_settings_requires_auth" time="0.080" /><testcase classname="tests.backend_test.TestAppDetailFields" name="test_seeded_apps_have_detail_fields" time="0.463" /><testcase classname="tests.backend_test.TestSiteSettings" name="test_update_settings_persists" time="0.164" /><testcase classname="tests.backend_test.TestWinners" name="test_winners_public_list" time="0.080" /><testcase classname="tests.backend_test.TestWinners" name="test_winners_admin_auth" time="0.242" /><testcase classname="tests.backend_test.TestAppDetailFields" name="test_create_app_persists_all_new_fields" time="0.138" /><testcase classname="tests.backend_test.TestWinners" name="test_winner_crud_flow" time="0.244" /><testcase classname="tests.backend_test.TestAppDetailFields" name="test_partial_update_exclude_unset" time="0.253" /><testcase classname="tests.backend_test.TestAppNewFields" name="test_create_persists_new_fields" time="0.202" /><testcase classname="tests.backend_test.TestFileUpload" name="test_upload_without_auth" time="0.081" /><testcase classname="tests.backend_test.TestFileUpload" name="test_upload_image_and_serve" time="0.140" /><testcase classname="tests.backend_test.TestAppNewFields" name="test_hidden_app_excluded_from_public_list_and_trending_array" time="0.157" /><testcase classname="tests.backend_test.TestReviews" name="test_public_reviews_only_approved" time="0.457" /><testcase classname="tests.backend_test.TestAppNewFields" name="test_partial_update_preserves_new_fields" time="0.205" /><testcase classname="tests.backend_test.TestAnalytics" name="test_analytics_requires_auth" time="0.042" /><testcase classname="tests.backend_test.TestAnalytics" name="test_analytics_shape" time="0.084" /><testcase classname="tests.backend_test.TestFaqsPublic" name="test_list_faqs_seeded" time="0.040" /><testcase classname="tests.backend_test.TestReviews" name="test_reviews_admin_endpoints_require_auth" time="0.219" /><testcase classname="tests.backend_test.TestHealth" name="test_api_root" time="0.042" /></testsuite></testsuites>