<?xml version="1.0" encoding="utf-8"?><testsuites name="pytest tests"><testsuite name="pytest" errors="0" failures="0" skipped="0" tests="31" time="3.646" timestamp="2026-07-12T08:11:40.607928+00:00" hostname="agent-env-64c16218-194f-43b6-b394-0624677a8d39"><testcase classname="tests.backend_test.TestPublicApps" name="test_list_apps_structure" time="0.492" /><testcase classname="tests.backend_test.TestAuth" name="test_login_success" time="0.487" /><testcase classname="tests.backend_test.TestAuth" name="test_login_wrong_password" time="0.302" /><testcase classname="tests.backend_test.TestPublicApps" name="test_get_single_app" time="0.333" /><testcase classname="tests.backend_test.TestAuth" name="test_old_admin_credentials_rejected" time="0.079" /><testcase classname="tests.backend_test.TestPublicApps" name="test_get_single_app_invalid" time="0.052" /><testcase classname="tests.backend_test.TestAuth" name="test_login_unknown_user" time="0.081" /><testcase classname="tests.backend_test.TestPublicApps" name="test_download_redirect_and_increment" time="0.381" /><testcase classname="tests.backend_test.TestAuth" name="test_me_with_token" time="0.341" /><testcase classname="tests.backend_test.TestPublicApps" name="test_search_filter" time="0.086" /><testcase classname="tests.backend_test.TestAuth" name="test_me_without_token" time="0.037" /><testcase classname="tests.backend_test.TestAuth" name="test_me_with_bad_token" time="0.078" /><testcase classname="tests.backend_test.TestPublicApps" name="test_category_filter" time="0.045" /><testcase classname="tests.backend_test.TestAdminAppsCRUD" name="test_create_without_auth" time="0.082" /><testcase classname="tests.backend_test.TestFaqsAdminAuth" name="test_create_faq_without_auth" time="0.038" /><testcase classname="tests.backend_test.TestFaqsAdminAuth" name="test_update_faq_without_auth" time="0.078" /><testcase classname="tests.backend_test.TestAdminAppsCRUD" name="test_update_without_auth" time="0.051" /><testcase classname="tests.backend_test.TestFaqsAdminAuth" name="test_delete_faq_without_auth" time="0.078" /><testcase classname="tests.backend_test.TestAdminAppsCRUD" name="test_delete_without_auth" time="0.044" /><testcase classname="tests.backend_test.TestFaqsAdminAuth" name="test_reorder_faqs_without_auth" time="0.241" /><testcase classname="tests.backend_test.TestAdminAppsCRUD" name="test_create_edit_delete_flow" time="0.588" /><testcase classname="tests.backend_test.TestFaqsAdminCRUD" name="test_faq_full_flow" time="0.282" /><testcase classname="tests.backend_test.TestFaqsAdminCRUD" name="test_faq_reorder_persists" time="0.202" /><testcase classname="tests.backend_test.TestAppDetailFields" name="test_seeded_apps_have_detail_fields" time="0.518" /><testcase classname="tests.backend_test.TestFaqsAdminCRUD" name="test_reorder_route_not_shadowed_by_id_route" time="0.143" /><testcase classname="tests.backend_test.TestFileUpload" name="test_upload_without_auth" time="0.039" /><testcase classname="tests.backend_test.TestFileUpload" name="test_upload_image_and_serve" time="0.092" /><testcase classname="tests.backend_test.TestHealth" name="test_api_root" time="0.080" /><testcase classname="tests.backend_test.TestAppDetailFields" name="test_create_app_persists_all_new_fields" time="0.189" /><testcase classname="tests.backend_test.TestFaqsPublic" name="test_list_faqs_seeded" time="0.039" /><testcase classname="tests.backend_test.TestAppDetailFields" name="test_partial_update_exclude_unset" time="0.190" /></testsuite></testsuites>